<?xml version="1.0" encoding="UTF-8"?>
<!-- Generated by org.testng.reporters.JUnitReportReporter -->
<testsuite skipped="0" hostname="MacBook-Pro-Pras.local" name="tc_categoryList.browseProductAnotherPage" tests="1" failures="0" timestamp="17 May 2018 05:29:07 GMT" time="41.181" errors="0">
  <testcase name="scenario_satu" time="41.181" classname="tc_categoryList.browseProductAnotherPage"/>
</testsuite> <!-- tc_categoryList.browseProductAnotherPage -->
