<?xml version="1.0" encoding="UTF-8"?>
<!-- Generated by org.testng.reporters.JUnitReportReporter -->
<testsuite skipped="0" hostname="MacBook-Pro-Pras.local" name="tc_prodDetail.addCommentReviewPageTwo" tests="1" failures="0" timestamp="21 May 2018 10:06:39 GMT" time="58.809" errors="0">
  <testcase name="scenario_satu" time="58.809" classname="tc_prodDetail.addCommentReviewPageTwo"/>
</testsuite> <!-- tc_prodDetail.addCommentReviewPageTwo -->
