<?xml version="1.0" encoding="UTF-8"?>
<!-- Generated by org.testng.reporters.JUnitReportReporter -->
<testsuite skipped="0" hostname="MacBook-Pro-Pras.local" name="tc_categoryList.filterByBrand" tests="1" failures="0" timestamp="16 May 2018 12:25:09 GMT" time="41.012" errors="0">
  <testcase name="scenario_satu" time="41.012" classname="tc_categoryList.filterByBrand"/>
</testsuite> <!-- tc_categoryList.filterByBrand -->
