<?xml version="1.0" encoding="UTF-8"?>
<!-- Generated by org.testng.reporters.JUnitReportReporter -->
<testsuite skipped="0" hostname="MacBook-Pro-Pras.local" name="tc_createAccount.createAccountUsingRegisteredUsername" tests="1" failures="0" timestamp="19 Sep 2018 04:20:13 GMT" time="10.500" errors="0">
  <testcase name="scenario_satu" time="10.500" classname="tc_createAccount.createAccountUsingRegisteredUsername"/>
</testsuite> <!-- tc_createAccount.createAccountUsingRegisteredUsername -->
