<?xml version="1.0" encoding="UTF-8"?>
<!-- Generated by org.testng.reporters.JUnitReportReporter -->
<testsuite skipped="0" hostname="MacBook-Pro-Pras.local" name="tc_createAccount.createAccountConfirmPasswordDifferent" tests="1" failures="0" timestamp="19 Sep 2018 06:28:10 GMT" time="8.589" errors="0">
  <testcase name="scenario_satu" time="8.589" classname="tc_createAccount.createAccountConfirmPasswordDifferent"/>
</testsuite> <!-- tc_createAccount.createAccountConfirmPasswordDifferent -->
