<?xml version="1.0" encoding="UTF-8"?>
<!-- Generated by org.testng.reporters.JUnitReportReporter -->
<testsuite skipped="0" hostname="MacBook-Pro-Pras.local" name="tc_categoryList.sortingProductList" tests="1" failures="0" timestamp="17 May 2018 05:49:47 GMT" time="43.062" errors="0">
  <testcase name="scenario_satu" time="43.062" classname="tc_categoryList.sortingProductList"/>
</testsuite> <!-- tc_categoryList.sortingProductList -->
