<?xml version="1.0" encoding="UTF-8"?>
<!-- Generated by org.testng.reporters.JUnitReportReporter -->
<testsuite skipped="0" hostname="MacBook-Pro-Pras.local" name="tc_prodDetail.commentLastAddedProduct" tests="1" failures="0" timestamp="18 May 2018 09:47:48 GMT" time="58.171" errors="0">
  <testcase name="scenario_satu" time="58.171" classname="tc_prodDetail.commentLastAddedProduct"/>
</testsuite> <!-- tc_prodDetail.commentLastAddedProduct -->
