<?xml version="1.0" encoding="UTF-8"?>
<!-- Generated by org.testng.reporters.JUnitReportReporter -->
<testsuite skipped="0" hostname="MacBook-Pro-Pras.local" name="tc_createAccount.createAccountUsingRegisteredEmail" tests="1" failures="0" timestamp="19 Sep 2018 04:08:21 GMT" time="11.289" errors="0">
  <testcase name="scenario_satu" time="11.289" classname="tc_createAccount.createAccountUsingRegisteredEmail"/>
</testsuite> <!-- tc_createAccount.createAccountUsingRegisteredEmail -->
