<?xml version="1.0" encoding="UTF-8"?>
<!-- Generated by org.testng.reporters.JUnitReportReporter -->
<testsuite skipped="0" hostname="MacBook-Pro-Pras.local" name="tc_categoryList.addReviewReviewsPage" tests="1" failures="0" timestamp="04 Jun 2018 06:17:34 GMT" time="137.441" errors="0">
  <testcase name="scenario_satu" time="137.441" classname="tc_categoryList.addReviewReviewsPage"/>
</testsuite> <!-- tc_categoryList.addReviewReviewsPage -->
