<?xml version="1.0" encoding="UTF-8"?>
<testsuite xmlns:xsi="http://www.w3.org/2001/XMLSchema-instance" xsi:noNamespaceSchemaLocation="https://maven.apache.org/surefire/maven-surefire-plugin/xsd/surefire-test-report.xsd" name="TestSuite" time="53.066" tests="1" errors="0" skipped="0" failures="1">
  <properties>
    <property name="gopherProxySet" value="false"/>
    <property name="awt.toolkit" value="sun.lwawt.macosx.LWCToolkit"/>
    <property name="java.specification.version" value="11"/>
    <property name="sun.cpu.isalist" value=""/>
    <property name="sun.jnu.encoding" value="UTF-8"/>
    <property name="java.class.path" value="/Users/mac/.m2/repository/org/apache/maven/surefire/surefire-booter/2.21.0/surefire-booter-2.21.0.jar:/Users/mac/.m2/repository/org/apache/maven/surefire/surefire-api/2.21.0/surefire-api-2.21.0.jar:/Users/mac/.m2/repository/org/apache/maven/surefire/surefire-logger-api/2.21.0/surefire-logger-api-2.21.0.jar:/Users/mac/Documents/Automation/maven-pipeline/Automation-Master/target/test-classes:/Users/mac/Documents/Automation/maven-pipeline/Automation-Master/target/classes:/Users/mac/.m2/repository/info/cukes/cucumber-junit/1.2.5/cucumber-junit-1.2.5.jar:/Users/mac/.m2/repository/info/cukes/cucumber-core/1.2.5/cucumber-core-1.2.5.jar:/Users/mac/.m2/repository/info/cukes/cucumber-html/0.2.3/cucumber-html-0.2.3.jar:/Users/mac/.m2/repository/info/cukes/cucumber-jvm-deps/1.0.5/cucumber-jvm-deps-1.0.5.jar:/Users/mac/.m2/repository/info/cukes/gherkin/2.12.2/gherkin-2.12.2.jar:/Users/mac/.m2/repository/org/testng/testng/6.11/testng-6.11.jar:/Users/mac/.m2/repository/com/beust/jcommander/1.64/jcommander-1.64.jar:/Users/mac/.m2/repository/org/yaml/snakeyaml/1.17/snakeyaml-1.17.jar:/Users/mac/.m2/repository/net/sourceforge/jexcelapi/jxl/2.6.12/jxl-2.6.12.jar:/Users/mac/.m2/repository/log4j/log4j/1.2.14/log4j-1.2.14.jar:/Users/mac/.m2/repository/mysql/mysql-connector-java/5.1.6/mysql-connector-java-5.1.6.jar:/Users/mac/.m2/repository/org/junit/platform/junit-platform-runner/1.0.0-RC3/junit-platform-runner-1.0.0-RC3.jar:/Users/mac/.m2/repository/org/junit/platform/junit-platform-suite-api/1.0.0-RC3/junit-platform-suite-api-1.0.0-RC3.jar:/Users/mac/.m2/repository/org/junit/vintage/junit-vintage-engine/4.12.0-RC3/junit-vintage-engine-4.12.0-RC3.jar:/Users/mac/.m2/repository/org/junit/jupiter/junit-jupiter-api/5.0.0-RC3/junit-jupiter-api-5.0.0-RC3.jar:/Users/mac/.m2/repository/junit/junit/4.12/junit-4.12.jar:/Users/mac/.m2/repository/org/hamcrest/hamcrest-core/1.3/hamcrest-core-1.3.jar:/Users/mac/.m2/repository/org/junit/platform/junit-platform-launcher/1.0.0-RC3/junit-platform-launcher-1.0.0-RC3.jar:/Users/mac/.m2/repository/org/junit/platform/junit-platform-engine/1.0.0-RC3/junit-platform-engine-1.0.0-RC3.jar:/Users/mac/.m2/repository/org/junit/platform/junit-platform-commons/1.0.0-RC3/junit-platform-commons-1.0.0-RC3.jar:/Users/mac/.m2/repository/org/opentest4j/opentest4j/1.0.0-RC1/opentest4j-1.0.0-RC1.jar:/Users/mac/.m2/repository/org/seleniumhq/selenium/selenium-java/3.5.3/selenium-java-3.5.3.jar:/Users/mac/.m2/repository/org/seleniumhq/selenium/selenium-api/3.5.3/selenium-api-3.5.3.jar:/Users/mac/.m2/repository/org/seleniumhq/selenium/selenium-chrome-driver/3.5.3/selenium-chrome-driver-3.5.3.jar:/Users/mac/.m2/repository/org/seleniumhq/selenium/selenium-edge-driver/3.5.3/selenium-edge-driver-3.5.3.jar:/Users/mac/.m2/repository/org/seleniumhq/selenium/selenium-firefox-driver/3.5.3/selenium-firefox-driver-3.5.3.jar:/Users/mac/.m2/repository/org/seleniumhq/selenium/selenium-ie-driver/3.5.3/selenium-ie-driver-3.5.3.jar:/Users/mac/.m2/repository/org/seleniumhq/selenium/selenium-opera-driver/3.5.3/selenium-opera-driver-3.5.3.jar:/Users/mac/.m2/repository/org/seleniumhq/selenium/selenium-remote-driver/3.5.3/selenium-remote-driver-3.5.3.jar:/Users/mac/.m2/repository/org/seleniumhq/selenium/selenium-safari-driver/3.5.3/selenium-safari-driver-3.5.3.jar:/Users/mac/.m2/repository/org/seleniumhq/selenium/selenium-support/3.5.3/selenium-support-3.5.3.jar:/Users/mac/.m2/repository/cglib/cglib-nodep/3.2.4/cglib-nodep-3.2.4.jar:/Users/mac/.m2/repository/org/apache/commons/commons-exec/1.3/commons-exec-1.3.jar:/Users/mac/.m2/repository/org/apache/commons/commons-lang3/3.5/commons-lang3-3.5.jar:/Users/mac/.m2/repository/commons-codec/commons-codec/1.10/commons-codec-1.10.jar:/Users/mac/.m2/repository/commons-io/commons-io/2.5/commons-io-2.5.jar:/Users/mac/.m2/repository/commons-logging/commons-logging/1.2/commons-logging-1.2.jar:/Users/mac/.m2/repository/org/w3c/css/sac/1.3/sac-1.3.jar:/Users/mac/.m2/repository/net/sourceforge/cssparser/cssparser/0.9.23/cssparser-0.9.23.jar:/Users/mac/.m2/repository/com/google/code/gson/gson/2.8.0/gson-2.8.0.jar:/Users/mac/.m2/repository/com/google/guava/guava/23.0/guava-23.0.jar:/Users/mac/.m2/repository/com/google/code/findbugs/jsr305/1.3.9/jsr305-1.3.9.jar:/Users/mac/.m2/repository/com/google/errorprone/error_prone_annotations/2.0.18/error_prone_annotations-2.0.18.jar:/Users/mac/.m2/repository/com/google/j2objc/j2objc-annotations/1.1/j2objc-annotations-1.1.jar:/Users/mac/.m2/repository/org/codehaus/mojo/animal-sniffer-annotations/1.14/animal-sniffer-annotations-1.14.jar:/Users/mac/.m2/repository/net/sourceforge/htmlunit/htmlunit/2.27/htmlunit-2.27.jar:/Users/mac/.m2/repository/net/sourceforge/htmlunit/htmlunit-core-js/2.27/htmlunit-core-js-2.27.jar:/Users/mac/.m2/repository/net/sourceforge/htmlunit/neko-htmlunit/2.27/neko-htmlunit-2.27.jar:/Users/mac/.m2/repository/org/apache/httpcomponents/httpclient/4.5.3/httpclient-4.5.3.jar:/Users/mac/.m2/repository/org/apache/httpcomponents/httpcore/4.4.6/httpcore-4.4.6.jar:/Users/mac/.m2/repository/org/apache/httpcomponents/httpmime/4.5.3/httpmime-4.5.3.jar:/Users/mac/.m2/repository/org/eclipse/jetty/jetty-client/9.4.5.v20170502/jetty-client-9.4.5.v20170502.jar:/Users/mac/.m2/repository/org/eclipse/jetty/jetty-http/9.4.5.v20170502/jetty-http-9.4.5.v20170502.jar:/Users/mac/.m2/repository/org/eclipse/jetty/jetty-io/9.4.5.v20170502/jetty-io-9.4.5.v20170502.jar:/Users/mac/.m2/repository/org/eclipse/jetty/jetty-util/9.4.5.v20170502/jetty-util-9.4.5.v20170502.jar:/Users/mac/.m2/repository/net/java/dev/jna/jna/4.1.0/jna-4.1.0.jar:/Users/mac/.m2/repository/net/java/dev/jna/jna-platform/4.1.0/jna-platform-4.1.0.jar:/Users/mac/.m2/repository/com/codeborne/phantomjsdriver/1.4.0/phantomjsdriver-1.4.0.jar:/Users/mac/.m2/repository/org/seleniumhq/selenium/htmlunit-driver/2.27/htmlunit-driver-2.27.jar:/Users/mac/.m2/repository/javax/servlet/javax.servlet-api/3.1.0/javax.servlet-api-3.1.0.jar:/Users/mac/.m2/repository/org/eclipse/jetty/websocket/websocket-api/9.4.5.v20170502/websocket-api-9.4.5.v20170502.jar:/Users/mac/.m2/repository/org/eclipse/jetty/websocket/websocket-client/9.4.5.v20170502/websocket-client-9.4.5.v20170502.jar:/Users/mac/.m2/repository/org/eclipse/jetty/websocket/websocket-common/9.4.5.v20170502/websocket-common-9.4.5.v20170502.jar:/Users/mac/.m2/repository/xalan/serializer/2.7.2/serializer-2.7.2.jar:/Users/mac/.m2/repository/xalan/xalan/2.7.2/xalan-2.7.2.jar:/Users/mac/.m2/repository/xerces/xercesImpl/2.11.0/xercesImpl-2.11.0.jar:/Users/mac/.m2/repository/xml-apis/xml-apis/1.4.01/xml-apis-1.4.01.jar:/Users/mac/.m2/repository/com/applitools/eyes-common-java3/3.22/eyes-common-java3-3.22.jar:/Users/mac/.m2/repository/org/imgscalr/imgscalr-lib/4.2/imgscalr-lib-4.2.jar:/Users/mac/.m2/repository/com/fasterxml/jackson/core/jackson-databind/2.5.1/jackson-databind-2.5.1.jar:/Users/mac/.m2/repository/com/fasterxml/jackson/core/jackson-annotations/2.5.0/jackson-annotations-2.5.0.jar:/Users/mac/.m2/repository/com/fasterxml/jackson/core/jackson-core/2.5.1/jackson-core-2.5.1.jar:/Users/mac/.m2/repository/io/rest-assured/rest-assured/3.0.6/rest-assured-3.0.6.jar:/Users/mac/.m2/repository/org/codehaus/groovy/groovy/2.4.12/groovy-2.4.12.jar:/Users/mac/.m2/repository/org/codehaus/groovy/groovy-xml/2.4.12/groovy-xml-2.4.12.jar:/Users/mac/.m2/repository/org/hamcrest/hamcrest-library/1.3/hamcrest-library-1.3.jar:/Users/mac/.m2/repository/org/ccil/cowan/tagsoup/tagsoup/1.2.1/tagsoup-1.2.1.jar:/Users/mac/.m2/repository/io/rest-assured/json-path/3.0.6/json-path-3.0.6.jar:/Users/mac/.m2/repository/org/codehaus/groovy/groovy-json/2.4.12/groovy-json-2.4.12.jar:/Users/mac/.m2/repository/io/rest-assured/rest-assured-common/3.0.6/rest-assured-common-3.0.6.jar:/Users/mac/.m2/repository/io/rest-assured/xml-path/3.0.6/xml-path-3.0.6.jar:/Users/mac/.m2/repository/javax/xml/bind/jaxb-api/2.2.12/jaxb-api-2.2.12.jar:/Users/mac/.m2/repository/org/freemarker/freemarker/2.3.23/freemarker-2.3.23.jar:/Users/mac/.m2/repository/com/relevantcodes/extentreports/2.41.2/extentreports-2.41.2.jar:/Users/mac/.m2/repository/org/jsoup/jsoup/1.8.3/jsoup-1.8.3.jar:/Users/mac/.m2/repository/org/xerial/sqlite-jdbc/3.8.11.1/sqlite-jdbc-3.8.11.1.jar:/Users/mac/.m2/repository/org/mongodb/mongodb-driver/3.0.4/mongodb-driver-3.0.4.jar:/Users/mac/.m2/repository/org/mongodb/bson/3.0.4/bson-3.0.4.jar:/Users/mac/.m2/repository/org/mongodb/mongodb-driver-core/3.0.4/mongodb-driver-core-3.0.4.jar:/Users/mac/.m2/repository/org/apache/poi/poi/3.17/poi-3.17.jar:/Users/mac/.m2/repository/org/apache/commons/commons-collections4/4.1/commons-collections4-4.1.jar:/Users/mac/.m2/repository/com/jcraft/jsch/0.1.54/jsch-0.1.54.jar:/Users/mac/.m2/repository/com/github/javafaker/javafaker/0.15/javafaker-0.15.jar:/Users/mac/.m2/repository/org/yaml/snakeyaml/1.20/snakeyaml-1.20-android.jar:/Users/mac/.m2/repository/com/github/mifmif/generex/1.0.2/generex-1.0.2.jar:/Users/mac/.m2/repository/dk/brics/automaton/automaton/1.11-8/automaton-1.11-8.jar:/Users/mac/.m2/repository/org/apache/maven/surefire/surefire-testng-utils/2.21.0/surefire-testng-utils-2.21.0.jar:/Users/mac/.m2/repository/org/apache/maven/surefire/surefire-grouper/2.21.0/surefire-grouper-2.21.0.jar:/Users/mac/.m2/repository/org/apache/maven/surefire/surefire-testng/2.21.0/surefire-testng-2.21.0.jar:/Users/mac/.m2/repository/org/apache/maven/surefire/common-java5/2.21.0/common-java5-2.21.0.jar"/>
    <property name="java.vm.vendor" value="Oracle Corporation"/>
    <property name="sun.arch.data.model" value="64"/>
    <property name="java.vendor.url" value="http://java.oracle.com/"/>
    <property name="user.timezone" value=""/>
    <property name="java.vm.specification.version" value="11"/>
    <property name="os.name" value="Mac OS X"/>
    <property name="sun.java.launcher" value="SUN_STANDARD"/>
    <property name="user.country" value="ID"/>
    <property name="sun.boot.library.path" value="/Library/Java/JavaVirtualMachines/jdk-11.0.1.jdk/Contents/Home/lib"/>
    <property name="sun.java.command" value="org.apache.maven.surefire.booter.ForkedBooter /Users/mac/Documents/Automation/maven-pipeline/Automation-Master/target/surefire 2019-05-03T17-22-33_584-jvmRun1 surefire7243456472901364854tmp surefire_06695420388326474674tmp"/>
    <property name="http.nonProxyHosts" value="local|*.local|169.254/16|*.169.254/16"/>
    <property name="jdk.debug" value="release"/>
    <property name="surefire.test.class.path" value="/Users/mac/Documents/Automation/maven-pipeline/Automation-Master/target/test-classes:/Users/mac/Documents/Automation/maven-pipeline/Automation-Master/target/classes:/Users/mac/.m2/repository/info/cukes/cucumber-junit/1.2.5/cucumber-junit-1.2.5.jar:/Users/mac/.m2/repository/info/cukes/cucumber-core/1.2.5/cucumber-core-1.2.5.jar:/Users/mac/.m2/repository/info/cukes/cucumber-html/0.2.3/cucumber-html-0.2.3.jar:/Users/mac/.m2/repository/info/cukes/cucumber-jvm-deps/1.0.5/cucumber-jvm-deps-1.0.5.jar:/Users/mac/.m2/repository/info/cukes/gherkin/2.12.2/gherkin-2.12.2.jar:/Users/mac/.m2/repository/org/testng/testng/6.11/testng-6.11.jar:/Users/mac/.m2/repository/com/beust/jcommander/1.64/jcommander-1.64.jar:/Users/mac/.m2/repository/org/yaml/snakeyaml/1.17/snakeyaml-1.17.jar:/Users/mac/.m2/repository/net/sourceforge/jexcelapi/jxl/2.6.12/jxl-2.6.12.jar:/Users/mac/.m2/repository/log4j/log4j/1.2.14/log4j-1.2.14.jar:/Users/mac/.m2/repository/mysql/mysql-connector-java/5.1.6/mysql-connector-java-5.1.6.jar:/Users/mac/.m2/repository/org/junit/platform/junit-platform-runner/1.0.0-RC3/junit-platform-runner-1.0.0-RC3.jar:/Users/mac/.m2/repository/org/junit/platform/junit-platform-suite-api/1.0.0-RC3/junit-platform-suite-api-1.0.0-RC3.jar:/Users/mac/.m2/repository/org/junit/vintage/junit-vintage-engine/4.12.0-RC3/junit-vintage-engine-4.12.0-RC3.jar:/Users/mac/.m2/repository/org/junit/jupiter/junit-jupiter-api/5.0.0-RC3/junit-jupiter-api-5.0.0-RC3.jar:/Users/mac/.m2/repository/junit/junit/4.12/junit-4.12.jar:/Users/mac/.m2/repository/org/hamcrest/hamcrest-core/1.3/hamcrest-core-1.3.jar:/Users/mac/.m2/repository/org/junit/platform/junit-platform-launcher/1.0.0-RC3/junit-platform-launcher-1.0.0-RC3.jar:/Users/mac/.m2/repository/org/junit/platform/junit-platform-engine/1.0.0-RC3/junit-platform-engine-1.0.0-RC3.jar:/Users/mac/.m2/repository/org/junit/platform/junit-platform-commons/1.0.0-RC3/junit-platform-commons-1.0.0-RC3.jar:/Users/mac/.m2/repository/org/opentest4j/opentest4j/1.0.0-RC1/opentest4j-1.0.0-RC1.jar:/Users/mac/.m2/repository/org/seleniumhq/selenium/selenium-java/3.5.3/selenium-java-3.5.3.jar:/Users/mac/.m2/repository/org/seleniumhq/selenium/selenium-api/3.5.3/selenium-api-3.5.3.jar:/Users/mac/.m2/repository/org/seleniumhq/selenium/selenium-chrome-driver/3.5.3/selenium-chrome-driver-3.5.3.jar:/Users/mac/.m2/repository/org/seleniumhq/selenium/selenium-edge-driver/3.5.3/selenium-edge-driver-3.5.3.jar:/Users/mac/.m2/repository/org/seleniumhq/selenium/selenium-firefox-driver/3.5.3/selenium-firefox-driver-3.5.3.jar:/Users/mac/.m2/repository/org/seleniumhq/selenium/selenium-ie-driver/3.5.3/selenium-ie-driver-3.5.3.jar:/Users/mac/.m2/repository/org/seleniumhq/selenium/selenium-opera-driver/3.5.3/selenium-opera-driver-3.5.3.jar:/Users/mac/.m2/repository/org/seleniumhq/selenium/selenium-remote-driver/3.5.3/selenium-remote-driver-3.5.3.jar:/Users/mac/.m2/repository/org/seleniumhq/selenium/selenium-safari-driver/3.5.3/selenium-safari-driver-3.5.3.jar:/Users/mac/.m2/repository/org/seleniumhq/selenium/selenium-support/3.5.3/selenium-support-3.5.3.jar:/Users/mac/.m2/repository/cglib/cglib-nodep/3.2.4/cglib-nodep-3.2.4.jar:/Users/mac/.m2/repository/org/apache/commons/commons-exec/1.3/commons-exec-1.3.jar:/Users/mac/.m2/repository/org/apache/commons/commons-lang3/3.5/commons-lang3-3.5.jar:/Users/mac/.m2/repository/commons-codec/commons-codec/1.10/commons-codec-1.10.jar:/Users/mac/.m2/repository/commons-io/commons-io/2.5/commons-io-2.5.jar:/Users/mac/.m2/repository/commons-logging/commons-logging/1.2/commons-logging-1.2.jar:/Users/mac/.m2/repository/org/w3c/css/sac/1.3/sac-1.3.jar:/Users/mac/.m2/repository/net/sourceforge/cssparser/cssparser/0.9.23/cssparser-0.9.23.jar:/Users/mac/.m2/repository/com/google/code/gson/gson/2.8.0/gson-2.8.0.jar:/Users/mac/.m2/repository/com/google/guava/guava/23.0/guava-23.0.jar:/Users/mac/.m2/repository/com/google/code/findbugs/jsr305/1.3.9/jsr305-1.3.9.jar:/Users/mac/.m2/repository/com/google/errorprone/error_prone_annotations/2.0.18/error_prone_annotations-2.0.18.jar:/Users/mac/.m2/repository/com/google/j2objc/j2objc-annotations/1.1/j2objc-annotations-1.1.jar:/Users/mac/.m2/repository/org/codehaus/mojo/animal-sniffer-annotations/1.14/animal-sniffer-annotations-1.14.jar:/Users/mac/.m2/repository/net/sourceforge/htmlunit/htmlunit/2.27/htmlunit-2.27.jar:/Users/mac/.m2/repository/net/sourceforge/htmlunit/htmlunit-core-js/2.27/htmlunit-core-js-2.27.jar:/Users/mac/.m2/repository/net/sourceforge/htmlunit/neko-htmlunit/2.27/neko-htmlunit-2.27.jar:/Users/mac/.m2/repository/org/apache/httpcomponents/httpclient/4.5.3/httpclient-4.5.3.jar:/Users/mac/.m2/repository/org/apache/httpcomponents/httpcore/4.4.6/httpcore-4.4.6.jar:/Users/mac/.m2/repository/org/apache/httpcomponents/httpmime/4.5.3/httpmime-4.5.3.jar:/Users/mac/.m2/repository/org/eclipse/jetty/jetty-client/9.4.5.v20170502/jetty-client-9.4.5.v20170502.jar:/Users/mac/.m2/repository/org/eclipse/jetty/jetty-http/9.4.5.v20170502/jetty-http-9.4.5.v20170502.jar:/Users/mac/.m2/repository/org/eclipse/jetty/jetty-io/9.4.5.v20170502/jetty-io-9.4.5.v20170502.jar:/Users/mac/.m2/repository/org/eclipse/jetty/jetty-util/9.4.5.v20170502/jetty-util-9.4.5.v20170502.jar:/Users/mac/.m2/repository/net/java/dev/jna/jna/4.1.0/jna-4.1.0.jar:/Users/mac/.m2/repository/net/java/dev/jna/jna-platform/4.1.0/jna-platform-4.1.0.jar:/Users/mac/.m2/repository/com/codeborne/phantomjsdriver/1.4.0/phantomjsdriver-1.4.0.jar:/Users/mac/.m2/repository/org/seleniumhq/selenium/htmlunit-driver/2.27/htmlunit-driver-2.27.jar:/Users/mac/.m2/repository/javax/servlet/javax.servlet-api/3.1.0/javax.servlet-api-3.1.0.jar:/Users/mac/.m2/repository/org/eclipse/jetty/websocket/websocket-api/9.4.5.v20170502/websocket-api-9.4.5.v20170502.jar:/Users/mac/.m2/repository/org/eclipse/jetty/websocket/websocket-client/9.4.5.v20170502/websocket-client-9.4.5.v20170502.jar:/Users/mac/.m2/repository/org/eclipse/jetty/websocket/websocket-common/9.4.5.v20170502/websocket-common-9.4.5.v20170502.jar:/Users/mac/.m2/repository/xalan/serializer/2.7.2/serializer-2.7.2.jar:/Users/mac/.m2/repository/xalan/xalan/2.7.2/xalan-2.7.2.jar:/Users/mac/.m2/repository/xerces/xercesImpl/2.11.0/xercesImpl-2.11.0.jar:/Users/mac/.m2/repository/xml-apis/xml-apis/1.4.01/xml-apis-1.4.01.jar:/Users/mac/.m2/repository/com/applitools/eyes-common-java3/3.22/eyes-common-java3-3.22.jar:/Users/mac/.m2/repository/org/imgscalr/imgscalr-lib/4.2/imgscalr-lib-4.2.jar:/Users/mac/.m2/repository/com/fasterxml/jackson/core/jackson-databind/2.5.1/jackson-databind-2.5.1.jar:/Users/mac/.m2/repository/com/fasterxml/jackson/core/jackson-annotations/2.5.0/jackson-annotations-2.5.0.jar:/Users/mac/.m2/repository/com/fasterxml/jackson/core/jackson-core/2.5.1/jackson-core-2.5.1.jar:/Users/mac/.m2/repository/io/rest-assured/rest-assured/3.0.6/rest-assured-3.0.6.jar:/Users/mac/.m2/repository/org/codehaus/groovy/groovy/2.4.12/groovy-2.4.12.jar:/Users/mac/.m2/repository/org/codehaus/groovy/groovy-xml/2.4.12/groovy-xml-2.4.12.jar:/Users/mac/.m2/repository/org/hamcrest/hamcrest-library/1.3/hamcrest-library-1.3.jar:/Users/mac/.m2/repository/org/ccil/cowan/tagsoup/tagsoup/1.2.1/tagsoup-1.2.1.jar:/Users/mac/.m2/repository/io/rest-assured/json-path/3.0.6/json-path-3.0.6.jar:/Users/mac/.m2/repository/org/codehaus/groovy/groovy-json/2.4.12/groovy-json-2.4.12.jar:/Users/mac/.m2/repository/io/rest-assured/rest-assured-common/3.0.6/rest-assured-common-3.0.6.jar:/Users/mac/.m2/repository/io/rest-assured/xml-path/3.0.6/xml-path-3.0.6.jar:/Users/mac/.m2/repository/javax/xml/bind/jaxb-api/2.2.12/jaxb-api-2.2.12.jar:/Users/mac/.m2/repository/org/freemarker/freemarker/2.3.23/freemarker-2.3.23.jar:/Users/mac/.m2/repository/com/relevantcodes/extentreports/2.41.2/extentreports-2.41.2.jar:/Users/mac/.m2/repository/org/jsoup/jsoup/1.8.3/jsoup-1.8.3.jar:/Users/mac/.m2/repository/org/xerial/sqlite-jdbc/3.8.11.1/sqlite-jdbc-3.8.11.1.jar:/Users/mac/.m2/repository/org/mongodb/mongodb-driver/3.0.4/mongodb-driver-3.0.4.jar:/Users/mac/.m2/repository/org/mongodb/bson/3.0.4/bson-3.0.4.jar:/Users/mac/.m2/repository/org/mongodb/mongodb-driver-core/3.0.4/mongodb-driver-core-3.0.4.jar:/Users/mac/.m2/repository/org/apache/poi/poi/3.17/poi-3.17.jar:/Users/mac/.m2/repository/org/apache/commons/commons-collections4/4.1/commons-collections4-4.1.jar:/Users/mac/.m2/repository/com/jcraft/jsch/0.1.54/jsch-0.1.54.jar:/Users/mac/.m2/repository/com/github/javafaker/javafaker/0.15/javafaker-0.15.jar:/Users/mac/.m2/repository/org/yaml/snakeyaml/1.20/snakeyaml-1.20-android.jar:/Users/mac/.m2/repository/com/github/mifmif/generex/1.0.2/generex-1.0.2.jar:/Users/mac/.m2/repository/dk/brics/automaton/automaton/1.11-8/automaton-1.11-8.jar:/Users/mac/.m2/repository/org/apache/maven/surefire/surefire-testng-utils/2.21.0/surefire-testng-utils-2.21.0.jar:/Users/mac/.m2/repository/org/apache/maven/surefire/surefire-grouper/2.21.0/surefire-grouper-2.21.0.jar:"/>
    <property name="sun.cpu.endian" value="little"/>
    <property name="user.home" value="/Users/mac"/>
    <property name="user.language" value="en"/>
    <property name="java.specification.vendor" value="Oracle Corporation"/>
    <property name="java.version.date" value="2018-10-16"/>
    <property name="java.home" value="/Library/Java/JavaVirtualMachines/jdk-11.0.1.jdk/Contents/Home"/>
    <property name="file.separator" value="/"/>
    <property name="basedir" value="/Users/mac/Documents/Automation/maven-pipeline/Automation-Master"/>
    <property name="java.vm.compressedOopsMode" value="Zero based"/>
    <property name="line.separator" value="&#10;"/>
    <property name="java.specification.name" value="Java Platform API Specification"/>
    <property name="java.vm.specification.vendor" value="Oracle Corporation"/>
    <property name="java.awt.graphicsenv" value="sun.awt.CGraphicsEnvironment"/>
    <property name="sun.management.compiler" value="HotSpot 64-Bit Tiered Compilers"/>
    <property name="ftp.nonProxyHosts" value="local|*.local|169.254/16|*.169.254/16"/>
    <property name="java.runtime.version" value="11.0.1+13-LTS"/>
    <property name="user.name" value="mac"/>
    <property name="path.separator" value=":"/>
    <property name="os.version" value="10.14"/>
    <property name="java.runtime.name" value="Java(TM) SE Runtime Environment"/>
    <property name="file.encoding" value="UTF-8"/>
    <property name="java.vm.name" value="Java HotSpot(TM) 64-Bit Server VM"/>
    <property name="java.vendor.version" value="18.9"/>
    <property name="localRepository" value="/Users/mac/.m2/repository"/>
    <property name="java.vendor.url.bug" value="http://bugreport.java.com/bugreport/"/>
    <property name="java.io.tmpdir" value="/var/folders/6n/hnqkb6b13dl8wyt18q7gbwdw0000gn/T/"/>
    <property name="java.version" value="11.0.1"/>
    <property name="user.dir" value="/Users/mac/Documents/Automation/maven-pipeline/Automation-Master"/>
    <property name="os.arch" value="x86_64"/>
    <property name="java.vm.specification.name" value="Java Virtual Machine Specification"/>
    <property name="java.awt.printerjob" value="sun.lwawt.macosx.CPrinterJob"/>
    <property name="sun.os.patch.level" value="unknown"/>
    <property name="java.library.path" value="/Users/mac/Library/Java/Extensions:/Library/Java/Extensions:/Network/Library/Java/Extensions:/System/Library/Java/Extensions:/usr/lib/java:."/>
    <property name="java.vendor" value="Oracle Corporation"/>
    <property name="java.vm.info" value="mixed mode"/>
    <property name="java.vm.version" value="11.0.1+13-LTS"/>
    <property name="sun.io.unicode.encoding" value="UnicodeBig"/>
    <property name="java.class.version" value="55.0"/>
    <property name="socksNonProxyHosts" value="local|*.local|169.254/16|*.169.254/16"/>
  </properties>
  <testcase name="scenario_satu" classname="tc_addProduct.addProduct" time="45.624">
    <failure message="no such element: Unable to locate element: {&quot;method&quot;:&quot;id&quot;,&quot;selector&quot;:&quot;react-select-3--value&quot;}&#10;  (Session info: chrome=73.0.3683.103)&#10;  (Driver info: chromedriver=2.35.528157 (4429ca2590d6988c0745c24c8858745aaaec01ef),platform=Mac OS X 10.14.0 x86_64) (WARNING: The server did not provide any stacktrace information)&#10;Command duration or timeout: 0 milliseconds&#10;For documentation on this error, please visit: http://seleniumhq.org/exceptions/no_such_element.html&#10;Build info: version: &apos;3.5.3&apos;, revision: &apos;a88d25fe6b&apos;, time: &apos;2017-08-29T12:42:44.417Z&apos;&#10;System info: host: &apos;MacBook-Pro-Pras.local&apos;, ip: &apos;fe80:0:0:0:41e:a949:d0b8:79fb%en0&apos;, os.name: &apos;Mac OS X&apos;, os.arch: &apos;x86_64&apos;, os.version: &apos;10.14&apos;, java.version: &apos;11.0.1&apos;&#10;Driver info: org.openqa.selenium.remote.RemoteWebDriver&#10;Capabilities [{mobileEmulationEnabled=false, hasTouchScreen=false, platform=MAC, acceptSslCerts=false, acceptInsecureCerts=false, webStorageEnabled=true, browserName=chrome, takesScreenshot=true, javascriptEnabled=true, platformName=MAC, setWindowRect=true, unexpectedAlertBehaviour=, applicationCacheEnabled=false, rotatable=false, networkConnectionEnabled=false, chrome={chromedriverVersion=2.35.528157 (4429ca2590d6988c0745c24c8858745aaaec01ef), userDataDir=/var/folders/6n/hnqkb6b13dl8wyt18q7gbwdw0000gn/T/.org.chromium.Chromium.qfnN0l}, takesHeapSnapshot=true, pageLoadStrategy=normal, unhandledPromptBehavior=, databaseEnabled=false, handlesAlerts=true, version=73.0.3683.103, browserConnectionEnabled=false, nativeEvents=true, locationContextEnabled=true, cssSelectorsEnabled=true}]&#10;Session ID: b6bdf03a37b14c0070f5057d23bcfaa7&#10;*** Element info: {Using=id, value=react-select-3--value}" type="org.openqa.selenium.NoSuchElementException">org.openqa.selenium.NoSuchElementException: 
no such element: Unable to locate element: {"method":"id","selector":"react-select-3--value"}
  (Session info: chrome=73.0.3683.103)
  (Driver info: chromedriver=2.35.528157 (4429ca2590d6988c0745c24c8858745aaaec01ef),platform=Mac OS X 10.14.0 x86_64) (WARNING: The server did not provide any stacktrace information)
Command duration or timeout: 0 milliseconds
For documentation on this error, please visit: http://seleniumhq.org/exceptions/no_such_element.html
Build info: version: '3.5.3', revision: 'a88d25fe6b', time: '2017-08-29T12:42:44.417Z'
System info: host: 'MacBook-Pro-Pras.local', ip: 'fe80:0:0:0:41e:a949:d0b8:79fb%en0', os.name: 'Mac OS X', os.arch: 'x86_64', os.version: '10.14', java.version: '11.0.1'
Driver info: org.openqa.selenium.remote.RemoteWebDriver
Capabilities [{mobileEmulationEnabled=false, hasTouchScreen=false, platform=MAC, acceptSslCerts=false, acceptInsecureCerts=false, webStorageEnabled=true, browserName=chrome, takesScreenshot=true, javascriptEnabled=true, platformName=MAC, setWindowRect=true, unexpectedAlertBehaviour=, applicationCacheEnabled=false, rotatable=false, networkConnectionEnabled=false, chrome={chromedriverVersion=2.35.528157 (4429ca2590d6988c0745c24c8858745aaaec01ef), userDataDir=/var/folders/6n/hnqkb6b13dl8wyt18q7gbwdw0000gn/T/.org.chromium.Chromium.qfnN0l}, takesHeapSnapshot=true, pageLoadStrategy=normal, unhandledPromptBehavior=, databaseEnabled=false, handlesAlerts=true, version=73.0.3683.103, browserConnectionEnabled=false, nativeEvents=true, locationContextEnabled=true, cssSelectorsEnabled=true}]
Session ID: b6bdf03a37b14c0070f5057d23bcfaa7
*** Element info: {Using=id, value=react-select-3--value}
	at tc_addProduct.addProduct.scenario_satu(addProduct.java:228)
</failure>
    <system-out><![CDATA[...
... TestNG 6.11 by Cédric Beust (cedric@beust.com)
...

*******************
Opening chrome driver
number of rows2
number of columns4
Female Daily - Info, Artikel, Video dan Review Seputar Kecantikan
11088
11123
]]></system-out>
    <system-err><![CDATA[log4j:WARN No appenders could be found for logger (org.apache.http.client.protocol.RequestAddCookies).
log4j:WARN Please initialize the log4j system properly.
May 03, 2019 5:22:41 PM org.openqa.selenium.remote.ProtocolHandshake createSession
INFO: Detected dialect: OSS
May 03, 2019 5:23:15 PM org.openqa.selenium.interactions.Actions moveToElement
INFO: When using the W3C Action commands, offsets are from the center of element
]]></system-err>
  </testcase>
</testsuite>