<?xml version="1.0" encoding="UTF-8"?>
<testsuite xmlns:xsi="http://www.w3.org/2001/XMLSchema-instance" xsi:noNamespaceSchemaLocation="https://maven.apache.org/surefire/maven-surefire-plugin/xsd/surefire-test-report.xsd" name="TestSuite" time="1.543" tests="6" errors="0" skipped="4" failures="2">
  <properties>
    <property name="gopherProxySet" value="false"/>
    <property name="awt.toolkit" value="sun.lwawt.macosx.LWCToolkit"/>
    <property name="file.encoding.pkg" value="sun.io"/>
    <property name="java.specification.version" value="1.8"/>
    <property name="sun.cpu.isalist" value=""/>
    <property name="sun.jnu.encoding" value="UTF-8"/>
    <property name="java.class.path" value="/Users/mac/.m2/repository/org/apache/maven/surefire/surefire-booter/2.21.0/surefire-booter-2.21.0.jar:/Users/mac/.m2/repository/org/apache/maven/surefire/surefire-api/2.21.0/surefire-api-2.21.0.jar:/Users/mac/.m2/repository/org/apache/maven/surefire/surefire-logger-api/2.21.0/surefire-logger-api-2.21.0.jar:/Users/mac/Documents/Automation/maven-pipeline/Automation-Master/target/test-classes:/Users/mac/Documents/Automation/maven-pipeline/Automation-Master/target/classes:/Users/mac/.m2/repository/info/cukes/cucumber-junit/1.2.5/cucumber-junit-1.2.5.jar:/Users/mac/.m2/repository/info/cukes/cucumber-core/1.2.5/cucumber-core-1.2.5.jar:/Users/mac/.m2/repository/info/cukes/cucumber-html/0.2.3/cucumber-html-0.2.3.jar:/Users/mac/.m2/repository/info/cukes/cucumber-jvm-deps/1.0.5/cucumber-jvm-deps-1.0.5.jar:/Users/mac/.m2/repository/info/cukes/gherkin/2.12.2/gherkin-2.12.2.jar:/Users/mac/.m2/repository/org/testng/testng/6.11/testng-6.11.jar:/Users/mac/.m2/repository/com/beust/jcommander/1.64/jcommander-1.64.jar:/Users/mac/.m2/repository/org/yaml/snakeyaml/1.17/snakeyaml-1.17.jar:/Users/mac/.m2/repository/net/sourceforge/jexcelapi/jxl/2.6.12/jxl-2.6.12.jar:/Users/mac/.m2/repository/log4j/log4j/1.2.14/log4j-1.2.14.jar:/Users/mac/.m2/repository/mysql/mysql-connector-java/5.1.6/mysql-connector-java-5.1.6.jar:/Users/mac/.m2/repository/org/junit/platform/junit-platform-runner/1.0.0-RC3/junit-platform-runner-1.0.0-RC3.jar:/Users/mac/.m2/repository/org/junit/platform/junit-platform-suite-api/1.0.0-RC3/junit-platform-suite-api-1.0.0-RC3.jar:/Users/mac/.m2/repository/org/junit/vintage/junit-vintage-engine/4.12.0-RC3/junit-vintage-engine-4.12.0-RC3.jar:/Users/mac/.m2/repository/org/junit/jupiter/junit-jupiter-api/5.0.0-RC3/junit-jupiter-api-5.0.0-RC3.jar:/Users/mac/.m2/repository/junit/junit/4.12/junit-4.12.jar:/Users/mac/.m2/repository/org/hamcrest/hamcrest-core/1.3/hamcrest-core-1.3.jar:/Users/mac/.m2/repository/org/junit/platform/junit-platform-launcher/1.0.0-RC3/junit-platform-launcher-1.0.0-RC3.jar:/Users/mac/.m2/repository/org/junit/platform/junit-platform-engine/1.0.0-RC3/junit-platform-engine-1.0.0-RC3.jar:/Users/mac/.m2/repository/org/junit/platform/junit-platform-commons/1.0.0-RC3/junit-platform-commons-1.0.0-RC3.jar:/Users/mac/.m2/repository/org/opentest4j/opentest4j/1.0.0-RC1/opentest4j-1.0.0-RC1.jar:/Users/mac/.m2/repository/org/seleniumhq/selenium/selenium-java/3.5.3/selenium-java-3.5.3.jar:/Users/mac/.m2/repository/org/seleniumhq/selenium/selenium-api/3.5.3/selenium-api-3.5.3.jar:/Users/mac/.m2/repository/org/seleniumhq/selenium/selenium-chrome-driver/3.5.3/selenium-chrome-driver-3.5.3.jar:/Users/mac/.m2/repository/org/seleniumhq/selenium/selenium-edge-driver/3.5.3/selenium-edge-driver-3.5.3.jar:/Users/mac/.m2/repository/org/seleniumhq/selenium/selenium-firefox-driver/3.5.3/selenium-firefox-driver-3.5.3.jar:/Users/mac/.m2/repository/org/seleniumhq/selenium/selenium-ie-driver/3.5.3/selenium-ie-driver-3.5.3.jar:/Users/mac/.m2/repository/org/seleniumhq/selenium/selenium-opera-driver/3.5.3/selenium-opera-driver-3.5.3.jar:/Users/mac/.m2/repository/org/seleniumhq/selenium/selenium-remote-driver/3.5.3/selenium-remote-driver-3.5.3.jar:/Users/mac/.m2/repository/org/seleniumhq/selenium/selenium-safari-driver/3.5.3/selenium-safari-driver-3.5.3.jar:/Users/mac/.m2/repository/org/seleniumhq/selenium/selenium-support/3.5.3/selenium-support-3.5.3.jar:/Users/mac/.m2/repository/cglib/cglib-nodep/3.2.4/cglib-nodep-3.2.4.jar:/Users/mac/.m2/repository/org/apache/commons/commons-exec/1.3/commons-exec-1.3.jar:/Users/mac/.m2/repository/org/apache/commons/commons-lang3/3.5/commons-lang3-3.5.jar:/Users/mac/.m2/repository/commons-codec/commons-codec/1.10/commons-codec-1.10.jar:/Users/mac/.m2/repository/commons-io/commons-io/2.5/commons-io-2.5.jar:/Users/mac/.m2/repository/commons-logging/commons-logging/1.2/commons-logging-1.2.jar:/Users/mac/.m2/repository/org/w3c/css/sac/1.3/sac-1.3.jar:/Users/mac/.m2/repository/net/sourceforge/cssparser/cssparser/0.9.23/cssparser-0.9.23.jar:/Users/mac/.m2/repository/com/google/code/gson/gson/2.8.0/gson-2.8.0.jar:/Users/mac/.m2/repository/com/google/guava/guava/23.0/guava-23.0.jar:/Users/mac/.m2/repository/com/google/code/findbugs/jsr305/1.3.9/jsr305-1.3.9.jar:/Users/mac/.m2/repository/com/google/errorprone/error_prone_annotations/2.0.18/error_prone_annotations-2.0.18.jar:/Users/mac/.m2/repository/com/google/j2objc/j2objc-annotations/1.1/j2objc-annotations-1.1.jar:/Users/mac/.m2/repository/org/codehaus/mojo/animal-sniffer-annotations/1.14/animal-sniffer-annotations-1.14.jar:/Users/mac/.m2/repository/net/sourceforge/htmlunit/htmlunit/2.27/htmlunit-2.27.jar:/Users/mac/.m2/repository/net/sourceforge/htmlunit/htmlunit-core-js/2.27/htmlunit-core-js-2.27.jar:/Users/mac/.m2/repository/net/sourceforge/htmlunit/neko-htmlunit/2.27/neko-htmlunit-2.27.jar:/Users/mac/.m2/repository/org/apache/httpcomponents/httpclient/4.5.3/httpclient-4.5.3.jar:/Users/mac/.m2/repository/org/apache/httpcomponents/httpcore/4.4.6/httpcore-4.4.6.jar:/Users/mac/.m2/repository/org/apache/httpcomponents/httpmime/4.5.3/httpmime-4.5.3.jar:/Users/mac/.m2/repository/org/eclipse/jetty/jetty-client/9.4.5.v20170502/jetty-client-9.4.5.v20170502.jar:/Users/mac/.m2/repository/org/eclipse/jetty/jetty-http/9.4.5.v20170502/jetty-http-9.4.5.v20170502.jar:/Users/mac/.m2/repository/org/eclipse/jetty/jetty-io/9.4.5.v20170502/jetty-io-9.4.5.v20170502.jar:/Users/mac/.m2/repository/org/eclipse/jetty/jetty-util/9.4.5.v20170502/jetty-util-9.4.5.v20170502.jar:/Users/mac/.m2/repository/net/java/dev/jna/jna/4.1.0/jna-4.1.0.jar:/Users/mac/.m2/repository/net/java/dev/jna/jna-platform/4.1.0/jna-platform-4.1.0.jar:/Users/mac/.m2/repository/com/codeborne/phantomjsdriver/1.4.0/phantomjsdriver-1.4.0.jar:/Users/mac/.m2/repository/org/seleniumhq/selenium/htmlunit-driver/2.27/htmlunit-driver-2.27.jar:/Users/mac/.m2/repository/javax/servlet/javax.servlet-api/3.1.0/javax.servlet-api-3.1.0.jar:/Users/mac/.m2/repository/org/eclipse/jetty/websocket/websocket-api/9.4.5.v20170502/websocket-api-9.4.5.v20170502.jar:/Users/mac/.m2/repository/org/eclipse/jetty/websocket/websocket-client/9.4.5.v20170502/websocket-client-9.4.5.v20170502.jar:/Users/mac/.m2/repository/org/eclipse/jetty/websocket/websocket-common/9.4.5.v20170502/websocket-common-9.4.5.v20170502.jar:/Users/mac/.m2/repository/xalan/serializer/2.7.2/serializer-2.7.2.jar:/Users/mac/.m2/repository/xalan/xalan/2.7.2/xalan-2.7.2.jar:/Users/mac/.m2/repository/xerces/xercesImpl/2.11.0/xercesImpl-2.11.0.jar:/Users/mac/.m2/repository/xml-apis/xml-apis/1.4.01/xml-apis-1.4.01.jar:/Users/mac/.m2/repository/com/applitools/eyes-common-java3/3.22/eyes-common-java3-3.22.jar:/Users/mac/.m2/repository/org/imgscalr/imgscalr-lib/4.2/imgscalr-lib-4.2.jar:/Users/mac/.m2/repository/com/fasterxml/jackson/core/jackson-databind/2.5.1/jackson-databind-2.5.1.jar:/Users/mac/.m2/repository/com/fasterxml/jackson/core/jackson-annotations/2.5.0/jackson-annotations-2.5.0.jar:/Users/mac/.m2/repository/com/fasterxml/jackson/core/jackson-core/2.5.1/jackson-core-2.5.1.jar:/Users/mac/.m2/repository/io/rest-assured/rest-assured/3.0.6/rest-assured-3.0.6.jar:/Users/mac/.m2/repository/org/codehaus/groovy/groovy/2.4.12/groovy-2.4.12.jar:/Users/mac/.m2/repository/org/codehaus/groovy/groovy-xml/2.4.12/groovy-xml-2.4.12.jar:/Users/mac/.m2/repository/org/hamcrest/hamcrest-library/1.3/hamcrest-library-1.3.jar:/Users/mac/.m2/repository/org/ccil/cowan/tagsoup/tagsoup/1.2.1/tagsoup-1.2.1.jar:/Users/mac/.m2/repository/io/rest-assured/json-path/3.0.6/json-path-3.0.6.jar:/Users/mac/.m2/repository/org/codehaus/groovy/groovy-json/2.4.12/groovy-json-2.4.12.jar:/Users/mac/.m2/repository/io/rest-assured/rest-assured-common/3.0.6/rest-assured-common-3.0.6.jar:/Users/mac/.m2/repository/io/rest-assured/xml-path/3.0.6/xml-path-3.0.6.jar:/Users/mac/.m2/repository/javax/xml/bind/jaxb-api/2.2.12/jaxb-api-2.2.12.jar:/Users/mac/.m2/repository/org/freemarker/freemarker/2.3.23/freemarker-2.3.23.jar:/Users/mac/.m2/repository/com/relevantcodes/extentreports/2.41.2/extentreports-2.41.2.jar:/Users/mac/.m2/repository/org/jsoup/jsoup/1.8.3/jsoup-1.8.3.jar:/Users/mac/.m2/repository/org/xerial/sqlite-jdbc/3.8.11.1/sqlite-jdbc-3.8.11.1.jar:/Users/mac/.m2/repository/org/mongodb/mongodb-driver/3.0.4/mongodb-driver-3.0.4.jar:/Users/mac/.m2/repository/org/mongodb/bson/3.0.4/bson-3.0.4.jar:/Users/mac/.m2/repository/org/mongodb/mongodb-driver-core/3.0.4/mongodb-driver-core-3.0.4.jar:/Users/mac/.m2/repository/org/apache/poi/poi/3.17/poi-3.17.jar:/Users/mac/.m2/repository/org/apache/commons/commons-collections4/4.1/commons-collections4-4.1.jar:/Users/mac/.m2/repository/com/jcraft/jsch/0.1.54/jsch-0.1.54.jar:/Users/mac/.m2/repository/org/apache/maven/surefire/surefire-testng-utils/2.21.0/surefire-testng-utils-2.21.0.jar:/Users/mac/.m2/repository/org/apache/maven/surefire/surefire-grouper/2.21.0/surefire-grouper-2.21.0.jar:/Users/mac/.m2/repository/org/apache/maven/surefire/surefire-testng/2.21.0/surefire-testng-2.21.0.jar:/Users/mac/.m2/repository/org/apache/maven/surefire/common-java5/2.21.0/common-java5-2.21.0.jar"/>
    <property name="java.vm.vendor" value="Oracle Corporation"/>
    <property name="sun.arch.data.model" value="64"/>
    <property name="java.vendor.url" value="http://java.oracle.com/"/>
    <property name="user.timezone" value=""/>
    <property name="user.country.format" value="ID"/>
    <property name="java.vm.specification.version" value="1.8"/>
    <property name="os.name" value="Mac OS X"/>
    <property name="user.country" value="US"/>
    <property name="sun.java.launcher" value="SUN_STANDARD"/>
    <property name="sun.boot.library.path" value="/Library/Java/JavaVirtualMachines/jdk1.8.0_131.jdk/Contents/Home/jre/lib"/>
    <property name="sun.java.command" value="org.apache.maven.surefire.booter.ForkedBooter /Users/mac/Documents/Automation/maven-pipeline/Automation-Master/target/surefire 2018-11-15T15-25-08_763-jvmRun1 surefire7175755473262581822tmp surefire_02368807810993838482tmp"/>
    <property name="http.nonProxyHosts" value="local|*.local|169.254/16|*.169.254/16"/>
    <property name="surefire.test.class.path" value="/Users/mac/Documents/Automation/maven-pipeline/Automation-Master/target/test-classes:/Users/mac/Documents/Automation/maven-pipeline/Automation-Master/target/classes:/Users/mac/.m2/repository/info/cukes/cucumber-junit/1.2.5/cucumber-junit-1.2.5.jar:/Users/mac/.m2/repository/info/cukes/cucumber-core/1.2.5/cucumber-core-1.2.5.jar:/Users/mac/.m2/repository/info/cukes/cucumber-html/0.2.3/cucumber-html-0.2.3.jar:/Users/mac/.m2/repository/info/cukes/cucumber-jvm-deps/1.0.5/cucumber-jvm-deps-1.0.5.jar:/Users/mac/.m2/repository/info/cukes/gherkin/2.12.2/gherkin-2.12.2.jar:/Users/mac/.m2/repository/org/testng/testng/6.11/testng-6.11.jar:/Users/mac/.m2/repository/com/beust/jcommander/1.64/jcommander-1.64.jar:/Users/mac/.m2/repository/org/yaml/snakeyaml/1.17/snakeyaml-1.17.jar:/Users/mac/.m2/repository/net/sourceforge/jexcelapi/jxl/2.6.12/jxl-2.6.12.jar:/Users/mac/.m2/repository/log4j/log4j/1.2.14/log4j-1.2.14.jar:/Users/mac/.m2/repository/mysql/mysql-connector-java/5.1.6/mysql-connector-java-5.1.6.jar:/Users/mac/.m2/repository/org/junit/platform/junit-platform-runner/1.0.0-RC3/junit-platform-runner-1.0.0-RC3.jar:/Users/mac/.m2/repository/org/junit/platform/junit-platform-suite-api/1.0.0-RC3/junit-platform-suite-api-1.0.0-RC3.jar:/Users/mac/.m2/repository/org/junit/vintage/junit-vintage-engine/4.12.0-RC3/junit-vintage-engine-4.12.0-RC3.jar:/Users/mac/.m2/repository/org/junit/jupiter/junit-jupiter-api/5.0.0-RC3/junit-jupiter-api-5.0.0-RC3.jar:/Users/mac/.m2/repository/junit/junit/4.12/junit-4.12.jar:/Users/mac/.m2/repository/org/hamcrest/hamcrest-core/1.3/hamcrest-core-1.3.jar:/Users/mac/.m2/repository/org/junit/platform/junit-platform-launcher/1.0.0-RC3/junit-platform-launcher-1.0.0-RC3.jar:/Users/mac/.m2/repository/org/junit/platform/junit-platform-engine/1.0.0-RC3/junit-platform-engine-1.0.0-RC3.jar:/Users/mac/.m2/repository/org/junit/platform/junit-platform-commons/1.0.0-RC3/junit-platform-commons-1.0.0-RC3.jar:/Users/mac/.m2/repository/org/opentest4j/opentest4j/1.0.0-RC1/opentest4j-1.0.0-RC1.jar:/Users/mac/.m2/repository/org/seleniumhq/selenium/selenium-java/3.5.3/selenium-java-3.5.3.jar:/Users/mac/.m2/repository/org/seleniumhq/selenium/selenium-api/3.5.3/selenium-api-3.5.3.jar:/Users/mac/.m2/repository/org/seleniumhq/selenium/selenium-chrome-driver/3.5.3/selenium-chrome-driver-3.5.3.jar:/Users/mac/.m2/repository/org/seleniumhq/selenium/selenium-edge-driver/3.5.3/selenium-edge-driver-3.5.3.jar:/Users/mac/.m2/repository/org/seleniumhq/selenium/selenium-firefox-driver/3.5.3/selenium-firefox-driver-3.5.3.jar:/Users/mac/.m2/repository/org/seleniumhq/selenium/selenium-ie-driver/3.5.3/selenium-ie-driver-3.5.3.jar:/Users/mac/.m2/repository/org/seleniumhq/selenium/selenium-opera-driver/3.5.3/selenium-opera-driver-3.5.3.jar:/Users/mac/.m2/repository/org/seleniumhq/selenium/selenium-remote-driver/3.5.3/selenium-remote-driver-3.5.3.jar:/Users/mac/.m2/repository/org/seleniumhq/selenium/selenium-safari-driver/3.5.3/selenium-safari-driver-3.5.3.jar:/Users/mac/.m2/repository/org/seleniumhq/selenium/selenium-support/3.5.3/selenium-support-3.5.3.jar:/Users/mac/.m2/repository/cglib/cglib-nodep/3.2.4/cglib-nodep-3.2.4.jar:/Users/mac/.m2/repository/org/apache/commons/commons-exec/1.3/commons-exec-1.3.jar:/Users/mac/.m2/repository/org/apache/commons/commons-lang3/3.5/commons-lang3-3.5.jar:/Users/mac/.m2/repository/commons-codec/commons-codec/1.10/commons-codec-1.10.jar:/Users/mac/.m2/repository/commons-io/commons-io/2.5/commons-io-2.5.jar:/Users/mac/.m2/repository/commons-logging/commons-logging/1.2/commons-logging-1.2.jar:/Users/mac/.m2/repository/org/w3c/css/sac/1.3/sac-1.3.jar:/Users/mac/.m2/repository/net/sourceforge/cssparser/cssparser/0.9.23/cssparser-0.9.23.jar:/Users/mac/.m2/repository/com/google/code/gson/gson/2.8.0/gson-2.8.0.jar:/Users/mac/.m2/repository/com/google/guava/guava/23.0/guava-23.0.jar:/Users/mac/.m2/repository/com/google/code/findbugs/jsr305/1.3.9/jsr305-1.3.9.jar:/Users/mac/.m2/repository/com/google/errorprone/error_prone_annotations/2.0.18/error_prone_annotations-2.0.18.jar:/Users/mac/.m2/repository/com/google/j2objc/j2objc-annotations/1.1/j2objc-annotations-1.1.jar:/Users/mac/.m2/repository/org/codehaus/mojo/animal-sniffer-annotations/1.14/animal-sniffer-annotations-1.14.jar:/Users/mac/.m2/repository/net/sourceforge/htmlunit/htmlunit/2.27/htmlunit-2.27.jar:/Users/mac/.m2/repository/net/sourceforge/htmlunit/htmlunit-core-js/2.27/htmlunit-core-js-2.27.jar:/Users/mac/.m2/repository/net/sourceforge/htmlunit/neko-htmlunit/2.27/neko-htmlunit-2.27.jar:/Users/mac/.m2/repository/org/apache/httpcomponents/httpclient/4.5.3/httpclient-4.5.3.jar:/Users/mac/.m2/repository/org/apache/httpcomponents/httpcore/4.4.6/httpcore-4.4.6.jar:/Users/mac/.m2/repository/org/apache/httpcomponents/httpmime/4.5.3/httpmime-4.5.3.jar:/Users/mac/.m2/repository/org/eclipse/jetty/jetty-client/9.4.5.v20170502/jetty-client-9.4.5.v20170502.jar:/Users/mac/.m2/repository/org/eclipse/jetty/jetty-http/9.4.5.v20170502/jetty-http-9.4.5.v20170502.jar:/Users/mac/.m2/repository/org/eclipse/jetty/jetty-io/9.4.5.v20170502/jetty-io-9.4.5.v20170502.jar:/Users/mac/.m2/repository/org/eclipse/jetty/jetty-util/9.4.5.v20170502/jetty-util-9.4.5.v20170502.jar:/Users/mac/.m2/repository/net/java/dev/jna/jna/4.1.0/jna-4.1.0.jar:/Users/mac/.m2/repository/net/java/dev/jna/jna-platform/4.1.0/jna-platform-4.1.0.jar:/Users/mac/.m2/repository/com/codeborne/phantomjsdriver/1.4.0/phantomjsdriver-1.4.0.jar:/Users/mac/.m2/repository/org/seleniumhq/selenium/htmlunit-driver/2.27/htmlunit-driver-2.27.jar:/Users/mac/.m2/repository/javax/servlet/javax.servlet-api/3.1.0/javax.servlet-api-3.1.0.jar:/Users/mac/.m2/repository/org/eclipse/jetty/websocket/websocket-api/9.4.5.v20170502/websocket-api-9.4.5.v20170502.jar:/Users/mac/.m2/repository/org/eclipse/jetty/websocket/websocket-client/9.4.5.v20170502/websocket-client-9.4.5.v20170502.jar:/Users/mac/.m2/repository/org/eclipse/jetty/websocket/websocket-common/9.4.5.v20170502/websocket-common-9.4.5.v20170502.jar:/Users/mac/.m2/repository/xalan/serializer/2.7.2/serializer-2.7.2.jar:/Users/mac/.m2/repository/xalan/xalan/2.7.2/xalan-2.7.2.jar:/Users/mac/.m2/repository/xerces/xercesImpl/2.11.0/xercesImpl-2.11.0.jar:/Users/mac/.m2/repository/xml-apis/xml-apis/1.4.01/xml-apis-1.4.01.jar:/Users/mac/.m2/repository/com/applitools/eyes-common-java3/3.22/eyes-common-java3-3.22.jar:/Users/mac/.m2/repository/org/imgscalr/imgscalr-lib/4.2/imgscalr-lib-4.2.jar:/Users/mac/.m2/repository/com/fasterxml/jackson/core/jackson-databind/2.5.1/jackson-databind-2.5.1.jar:/Users/mac/.m2/repository/com/fasterxml/jackson/core/jackson-annotations/2.5.0/jackson-annotations-2.5.0.jar:/Users/mac/.m2/repository/com/fasterxml/jackson/core/jackson-core/2.5.1/jackson-core-2.5.1.jar:/Users/mac/.m2/repository/io/rest-assured/rest-assured/3.0.6/rest-assured-3.0.6.jar:/Users/mac/.m2/repository/org/codehaus/groovy/groovy/2.4.12/groovy-2.4.12.jar:/Users/mac/.m2/repository/org/codehaus/groovy/groovy-xml/2.4.12/groovy-xml-2.4.12.jar:/Users/mac/.m2/repository/org/hamcrest/hamcrest-library/1.3/hamcrest-library-1.3.jar:/Users/mac/.m2/repository/org/ccil/cowan/tagsoup/tagsoup/1.2.1/tagsoup-1.2.1.jar:/Users/mac/.m2/repository/io/rest-assured/json-path/3.0.6/json-path-3.0.6.jar:/Users/mac/.m2/repository/org/codehaus/groovy/groovy-json/2.4.12/groovy-json-2.4.12.jar:/Users/mac/.m2/repository/io/rest-assured/rest-assured-common/3.0.6/rest-assured-common-3.0.6.jar:/Users/mac/.m2/repository/io/rest-assured/xml-path/3.0.6/xml-path-3.0.6.jar:/Users/mac/.m2/repository/javax/xml/bind/jaxb-api/2.2.12/jaxb-api-2.2.12.jar:/Users/mac/.m2/repository/org/freemarker/freemarker/2.3.23/freemarker-2.3.23.jar:/Users/mac/.m2/repository/com/relevantcodes/extentreports/2.41.2/extentreports-2.41.2.jar:/Users/mac/.m2/repository/org/jsoup/jsoup/1.8.3/jsoup-1.8.3.jar:/Users/mac/.m2/repository/org/xerial/sqlite-jdbc/3.8.11.1/sqlite-jdbc-3.8.11.1.jar:/Users/mac/.m2/repository/org/mongodb/mongodb-driver/3.0.4/mongodb-driver-3.0.4.jar:/Users/mac/.m2/repository/org/mongodb/bson/3.0.4/bson-3.0.4.jar:/Users/mac/.m2/repository/org/mongodb/mongodb-driver-core/3.0.4/mongodb-driver-core-3.0.4.jar:/Users/mac/.m2/repository/org/apache/poi/poi/3.17/poi-3.17.jar:/Users/mac/.m2/repository/org/apache/commons/commons-collections4/4.1/commons-collections4-4.1.jar:/Users/mac/.m2/repository/com/jcraft/jsch/0.1.54/jsch-0.1.54.jar:/Users/mac/.m2/repository/org/apache/maven/surefire/surefire-testng-utils/2.21.0/surefire-testng-utils-2.21.0.jar:/Users/mac/.m2/repository/org/apache/maven/surefire/surefire-grouper/2.21.0/surefire-grouper-2.21.0.jar:"/>
    <property name="sun.cpu.endian" value="little"/>
    <property name="user.home" value="/Users/mac"/>
    <property name="user.language" value="en"/>
    <property name="java.specification.vendor" value="Oracle Corporation"/>
    <property name="java.home" value="/Library/Java/JavaVirtualMachines/jdk1.8.0_131.jdk/Contents/Home/jre"/>
    <property name="basedir" value="/Users/mac/Documents/Automation/maven-pipeline/Automation-Master"/>
    <property name="file.separator" value="/"/>
    <property name="line.separator" value="&#10;"/>
    <property name="java.vm.specification.vendor" value="Oracle Corporation"/>
    <property name="java.specification.name" value="Java Platform API Specification"/>
    <property name="java.awt.graphicsenv" value="sun.awt.CGraphicsEnvironment"/>
    <property name="sun.boot.class.path" value="/Library/Java/JavaVirtualMachines/jdk1.8.0_131.jdk/Contents/Home/jre/lib/resources.jar:/Library/Java/JavaVirtualMachines/jdk1.8.0_131.jdk/Contents/Home/jre/lib/rt.jar:/Library/Java/JavaVirtualMachines/jdk1.8.0_131.jdk/Contents/Home/jre/lib/sunrsasign.jar:/Library/Java/JavaVirtualMachines/jdk1.8.0_131.jdk/Contents/Home/jre/lib/jsse.jar:/Library/Java/JavaVirtualMachines/jdk1.8.0_131.jdk/Contents/Home/jre/lib/jce.jar:/Library/Java/JavaVirtualMachines/jdk1.8.0_131.jdk/Contents/Home/jre/lib/charsets.jar:/Library/Java/JavaVirtualMachines/jdk1.8.0_131.jdk/Contents/Home/jre/lib/jfr.jar:/Library/Java/JavaVirtualMachines/jdk1.8.0_131.jdk/Contents/Home/jre/classes"/>
    <property name="sun.management.compiler" value="HotSpot 64-Bit Tiered Compilers"/>
    <property name="ftp.nonProxyHosts" value="local|*.local|169.254/16|*.169.254/16"/>
    <property name="java.runtime.version" value="1.8.0_131-b11"/>
    <property name="user.name" value="mac"/>
    <property name="path.separator" value=":"/>
    <property name="os.version" value="10.14"/>
    <property name="java.endorsed.dirs" value="/Library/Java/JavaVirtualMachines/jdk1.8.0_131.jdk/Contents/Home/jre/lib/endorsed"/>
    <property name="java.runtime.name" value="Java(TM) SE Runtime Environment"/>
    <property name="file.encoding" value="UTF-8"/>
    <property name="java.vm.name" value="Java HotSpot(TM) 64-Bit Server VM"/>
    <property name="localRepository" value="/Users/mac/.m2/repository"/>
    <property name="java.vendor.url.bug" value="http://bugreport.sun.com/bugreport/"/>
    <property name="java.io.tmpdir" value="/var/folders/6n/hnqkb6b13dl8wyt18q7gbwdw0000gn/T/"/>
    <property name="java.version" value="1.8.0_131"/>
    <property name="user.dir" value="/Users/mac/Documents/Automation/maven-pipeline/Automation-Master"/>
    <property name="os.arch" value="x86_64"/>
    <property name="java.vm.specification.name" value="Java Virtual Machine Specification"/>
    <property name="java.awt.printerjob" value="sun.lwawt.macosx.CPrinterJob"/>
    <property name="sun.os.patch.level" value="unknown"/>
    <property name="java.library.path" value="/Users/mac/Library/Java/Extensions:/Library/Java/Extensions:/Network/Library/Java/Extensions:/System/Library/Java/Extensions:/usr/lib/java:."/>
    <property name="java.vm.info" value="mixed mode"/>
    <property name="java.vendor" value="Oracle Corporation"/>
    <property name="java.vm.version" value="25.131-b11"/>
    <property name="java.ext.dirs" value="/Users/mac/Library/Java/Extensions:/Library/Java/JavaVirtualMachines/jdk1.8.0_131.jdk/Contents/Home/jre/lib/ext:/Library/Java/Extensions:/Network/Library/Java/Extensions:/System/Library/Java/Extensions:/usr/lib/java"/>
    <property name="sun.io.unicode.encoding" value="UnicodeBig"/>
    <property name="java.class.version" value="52.0"/>
    <property name="socksNonProxyHosts" value="local|*.local|169.254/16|*.169.254/16"/>
  </properties>
  <testcase name="setUp" classname="testcase.swtestacademy" time="1.193">
    <failure message="Could not start a new session. Possible causes are invalid address of the remote server or browser start-up failure.&#10;Build info: version: &apos;3.5.3&apos;, revision: &apos;a88d25fe6b&apos;, time: &apos;2017-08-29T12:42:44.417Z&apos;&#10;System info: host: &apos;MacBook-Pro-Pras.local&apos;, ip: &apos;fe80:0:0:0:143f:75b8:876b:d61b%en0&apos;, os.name: &apos;Mac OS X&apos;, os.arch: &apos;x86_64&apos;, os.version: &apos;10.14&apos;, java.version: &apos;1.8.0_131&apos;&#10;Driver info: driver.version: RemoteWebDriver" type="org.openqa.selenium.remote.UnreachableBrowserException">org.openqa.selenium.remote.UnreachableBrowserException: 
Could not start a new session. Possible causes are invalid address of the remote server or browser start-up failure.
Build info: version: '3.5.3', revision: 'a88d25fe6b', time: '2017-08-29T12:42:44.417Z'
System info: host: 'MacBook-Pro-Pras.local', ip: 'fe80:0:0:0:143f:75b8:876b:d61b%en0', os.name: 'Mac OS X', os.arch: 'x86_64', os.version: '10.14', java.version: '1.8.0_131'
Driver info: driver.version: RemoteWebDriver
Caused by: org.apache.http.conn.HttpHostConnectException: Connect to 10.10.10.18:5555 [/10.10.10.18] failed: Connection refused (Connection refused)
Caused by: java.net.ConnectException: Connection refused (Connection refused)
</failure>
    <system-out><![CDATA[...
... TestNG 6.11 by Cédric Beust (cedric@beust.com)
...

*******************
*******************
Opening chrome driver
Opening chrome driver
]]></system-out>
    <system-err><![CDATA[log4j:WARN No appenders could be found for logger (org.apache.http.client.protocol.RequestAddCookies).
log4j:WARN No appenders could be found for logger (org.apache.http.client.protocol.RequestAddCookies).
log4j:WARN Please initialize the log4j system properly.
log4j:WARN Please initialize the log4j system properly.
]]></system-err>
  </testcase>
  <testcase name="setUp" classname="testcase.swtestacademy" time="1.194">
    <failure message="Could not start a new session. Possible causes are invalid address of the remote server or browser start-up failure.&#10;Build info: version: &apos;3.5.3&apos;, revision: &apos;a88d25fe6b&apos;, time: &apos;2017-08-29T12:42:44.417Z&apos;&#10;System info: host: &apos;MacBook-Pro-Pras.local&apos;, ip: &apos;fe80:0:0:0:143f:75b8:876b:d61b%en0&apos;, os.name: &apos;Mac OS X&apos;, os.arch: &apos;x86_64&apos;, os.version: &apos;10.14&apos;, java.version: &apos;1.8.0_131&apos;&#10;Driver info: driver.version: RemoteWebDriver" type="org.openqa.selenium.remote.UnreachableBrowserException">org.openqa.selenium.remote.UnreachableBrowserException: 
Could not start a new session. Possible causes are invalid address of the remote server or browser start-up failure.
Build info: version: '3.5.3', revision: 'a88d25fe6b', time: '2017-08-29T12:42:44.417Z'
System info: host: 'MacBook-Pro-Pras.local', ip: 'fe80:0:0:0:143f:75b8:876b:d61b%en0', os.name: 'Mac OS X', os.arch: 'x86_64', os.version: '10.14', java.version: '1.8.0_131'
Driver info: driver.version: RemoteWebDriver
Caused by: org.apache.http.conn.HttpHostConnectException: Connect to 10.10.10.18:5555 [/10.10.10.18] failed: Connection refused (Connection refused)
Caused by: java.net.ConnectException: Connection refused (Connection refused)
</failure>
  </testcase>
  <testcase name="setUp" classname="testcase.swtestacademy" time="0">
    <skipped/>
    <system-out><![CDATA[number of rows2
number of rows2
number of columns4
number of columns4
]]></system-out>
  </testcase>
  <testcase name="setUp" classname="testcase.swtestacademy" time="0">
    <skipped/>
  </testcase>
  <testcase name="scenario_satu" classname="testcase.swtestacademy" time="0">
    <skipped message="Could not start a new session. Possible causes are invalid address of the remote server or browser start-up failure.&#10;Build info: version: &apos;3.5.3&apos;, revision: &apos;a88d25fe6b&apos;, time: &apos;2017-08-29T12:42:44.417Z&apos;&#10;System info: host: &apos;MacBook-Pro-Pras.local&apos;, ip: &apos;fe80:0:0:0:143f:75b8:876b:d61b%en0&apos;, os.name: &apos;Mac OS X&apos;, os.arch: &apos;x86_64&apos;, os.version: &apos;10.14&apos;, java.version: &apos;1.8.0_131&apos;&#10;Driver info: driver.version: RemoteWebDriver"/>
  </testcase>
  <testcase name="scenario_satu" classname="testcase.swtestacademy" time="0">
    <skipped message="Could not start a new session. Possible causes are invalid address of the remote server or browser start-up failure.&#10;Build info: version: &apos;3.5.3&apos;, revision: &apos;a88d25fe6b&apos;, time: &apos;2017-08-29T12:42:44.417Z&apos;&#10;System info: host: &apos;MacBook-Pro-Pras.local&apos;, ip: &apos;fe80:0:0:0:143f:75b8:876b:d61b%en0&apos;, os.name: &apos;Mac OS X&apos;, os.arch: &apos;x86_64&apos;, os.version: &apos;10.14&apos;, java.version: &apos;1.8.0_131&apos;&#10;Driver info: driver.version: RemoteWebDriver"/>
  </testcase>
</testsuite>