<?xml version="1.0" encoding="UTF-8"?>
<!-- Generated by org.testng.reporters.JUnitReportReporter -->
<testsuite hostname="MacBook-Pro-Pras.local" failures="0" tests="1" name="tc_addProduct.addProductBeforeLogin" time="64.989" errors="0" timestamp="26 Jun 2019 12:25:19 GMT" skipped="0">
  <testcase classname="tc_addProduct.addProductBeforeLogin" name="scenario_satu" time="64.989"/>
</testsuite> <!-- tc_addProduct.addProductBeforeLogin -->
