<?xml version="1.0" encoding="UTF-8"?>
<!-- Generated by org.testng.reporters.JUnitReportReporter -->
<testsuite hostname="MacBook-Pro-Pras.local" failures="0" tests="1" name="tc_addProduct.addProductBeforeLogin" time="0.000" errors="0" timestamp="01 Jun 2019 08:19:05 GMT" skipped="1">
  <testcase classname="tc_addProduct.addProductBeforeLogin" name="scenario_satu" time="0.000">
    <skipped/>
  </testcase> <!-- scenario_satu -->
</testsuite> <!-- tc_addProduct.addProductBeforeLogin -->
