<?xml version="1.0" encoding="UTF-8"?>
<!-- Generated by org.testng.reporters.JUnitReportReporter -->
<testsuite hostname="MacBook-Pro-Pras.local" failures="0" tests="1" name="tc_addProduct.addProductBeforeLogin" time="38.877" errors="0" timestamp="18 Jun 2019 07:11:35 GMT" skipped="0">
  <testcase classname="tc_addProduct.addProductBeforeLogin" name="scenario_satu" time="38.877"/>
</testsuite> <!-- tc_addProduct.addProductBeforeLogin -->
