<?xml version="1.0" encoding="UTF-8"?>
<!-- Generated by org.testng.reporters.JUnitReportReporter -->
<testsuite hostname="MacBook-Pro-Pras.local" failures="0" tests="1" name="tc_addProduct.addProductBeforeLogin" time="21.313" errors="0" timestamp="28 May 2019 05:09:54 GMT" skipped="0">
  <testcase classname="tc_addProduct.addProductBeforeLogin" name="scenario_satu" time="21.313"/>
</testsuite> <!-- tc_addProduct.addProductBeforeLogin -->
